1402276129064 Line:118 Method:<init> Class:GamePanel Thread:main - java.runtime.name: Java(TM) SE Runtime Environment
java.lang.Thread.getStackTrace(Thread.java:1567)
com.weem.epicinventor.utility.EIError.debugMsg(EIError.java:80)
com.weem.epicinventor.GameController.<init>(GameController.java:118)
com.weem.epicinventor.GamePanel.<init>(GamePanel.java:42)
com.weem.epicinventor.Game.<init>(Game.java:28)
com.weem.epicinventor.Game.main(Game.java:113)
1402276129067 Line:118 Method:<init> Class:GamePanel Thread:main - sun.boot.library.path: /opt/java/jre/lib/i386
java.lang.Thread.getStackTrace(Thread.java:1567)
com.weem.epicinventor.utility.EIError.debugMsg(EIError.java:80)
com.weem.epicinventor.GameController.<init>(GameController.java:118)
com.weem.epicinventor.GamePanel.<init>(GamePanel.java:42)
com.weem.epicinventor.Game.<init>(Game.java:28)
com.weem.epicinventor.Game.main(Game.java:113)
1402276129068 Line:118 Method:<init> Class:GamePanel Thread:main - java.vm.version: 21.0-b17
java.lang.Thread.getStackTrace(Thread.java:1567)
com.weem.epicinventor.utility.EIError.debugMsg(EIError.java:80)
com.weem.epicinventor.GameController.<init>(GameController.java:118)
com.weem.epicinventor.GamePanel.<init>(GamePanel.java:42)
com.weem.epicinventor.Game.<init>(Game.java:28)
com.weem.epicinventor.Game.main(Game.java:113)
1402276129068 Line:118 Method:<init> Class:GamePanel Thread:main - java.vm.vendor: Oracle Corporation
java.lang.Thread.getStackTrace(Thread.java:1567)
com.weem.epicinventor.utility.EIError.debugMsg(EIError.java:80)
com.weem.epicinventor.GameController.<init>(GameController.java:118)
com.weem.epicinventor.GamePanel.<init>(GamePanel.java:42)
com.weem.epicinventor.Game.<init>(Game.java:28)
com.weem.epicinventor.Game.main(Game.java:113)
1402276129069 Line:118 Method:<init> Class:GamePanel Thread:main - java.vendor.url: http://java.oracle.com/
java.lang.Thread.getStackTrace(Thread.java:1567)
com.weem.epicinventor.utility.EIError.debugMsg(EIError.java:80)
com.weem.epicinventor.GameController.<init>(GameController.java:118)
com.weem.epicinventor.GamePanel.<init>(GamePanel.java:42)
com.weem.epicinventor.Game.<init>(Game.java:28)
com.weem.epicinventor.Game.main(Game.java:113)
1402276129069 Line:118 Method:<init> Class:GamePanel Thread:main - path.separator: :
java.lang.Thread.getStackTrace(Thread.java:1567)
com.weem.epicinventor.utility.EIError.debugMsg(EIError.java:80)
com.weem.epicinventor.GameController.<init>(GameController.java:118)
com.weem.epicinventor.GamePanel.<init>(GamePanel.java:42)
com.weem.epicinventor.Game.<init>(Game.java:28)
com.weem.epicinventor.Game.main(Game.java:113)
1402276129070 Line:118 Method:<init> Class:GamePanel Thread:main - java.vm.name: Java HotSpot(TM) Server VM
java.lang.Thread.getStackTrace(Thread.java:1567)
com.weem.epicinventor.utility.EIError.debugMsg(EIError.java:80)
com.weem.epicinventor.GameController.<init>(GameController.java:118)
com.weem.epicinventor.GamePanel.<init>(GamePanel.java:42)
com.weem.epicinventor.Game.<init>(Game.java:28)
com.weem.epicinventor.Game.main(Game.java:113)
1402276129070 Line:118 Method:<init> Class:GamePanel Thread:main - file.encoding.pkg: sun.io
java.lang.Thread.getStackTrace(Thread.java:1567)
com.weem.epicinventor.utility.EIError.debugMsg(EIError.java:80)
com.weem.epicinventor.GameController.<init>(GameController.java:118)
com.weem.epicinventor.GamePanel.<init>(GamePanel.java:42)
com.weem.epicinventor.Game.<init>(Game.java:28)
com.weem.epicinventor.Game.main(Game.java:113)
1402276129071 Line:118 Method:<init> Class:GamePanel Thread:main - user.country: US
java.lang.Thread.getStackTrace(Thread.java:1567)
com.weem.epicinventor.utility.EIError.debugMsg(EIError.java:80)
com.weem.epicinventor.GameController.<init>(GameController.java:118)
com.weem.epicinventor.GamePanel.<init>(GamePanel.java:42)
com.weem.epicinventor.Game.<init>(Game.java:28)
com.weem.epicinventor.Game.main(Game.java:113)
1402276129071 Line:118 Method:<init> Class:GamePanel Thread:main - sun.java.launcher: SUN_STANDARD
java.lang.Thread.getStackTrace(Thread.java:1567)
com.weem.epicinventor.utility.EIError.debugMsg(EIError.java:80)
com.weem.epicinventor.GameController.<init>(GameController.java:118)
com.weem.epicinventor.GamePanel.<init>(GamePanel.java:42)
com.weem.epicinventor.Game.<init>(Game.java:28)
com.weem.epicinventor.Game.main(Game.java:113)
1402276129072 Line:118 Method:<init> Class:GamePanel Thread:main - sun.os.patch.level: unknown
java.lang.Thread.getStackTrace(Thread.java:1567)
com.weem.epicinventor.utility.EIError.debugMsg(EIError.java:80)
com.weem.epicinventor.GameController.<init>(GameController.java:118)
com.weem.epicinventor.GamePanel.<init>(GamePanel.java:42)
com.weem.epicinventor.Game.<init>(Game.java:28)
com.weem.epicinventor.Game.main(Game.java:113)
1402276129072 Line:118 Method:<init> Class:GamePanel Thread:main - java.vm.specification.name: Java Virtual Machine Specification
java.lang.Thread.getStackTrace(Thread.java:1567)
com.weem.epicinventor.utility.EIError.debugMsg(EIError.java:80)
com.weem.epicinventor.GameController.<init>(GameController.java:118)
com.weem.epicinventor.GamePanel.<init>(GamePanel.java:42)
com.weem.epicinventor.Game.<init>(Game.java:28)
com.weem.epicinventor.Game.main(Game.java:113)
1402276129073 Line:118 Method:<init> Class:GamePanel Thread:main - user.dir: /home/mcbride/EpicInventor
java.lang.Thread.getStackTrace(Thread.java:1567)
com.weem.epicinventor.utility.EIError.debugMsg(EIError.java:80)
com.weem.epicinventor.GameController.<init>(GameController.java:118)
com.weem.epicinventor.GamePanel.<init>(GamePanel.java:42)
com.weem.epicinventor.Game.<init>(Game.java:28)
com.weem.epicinventor.Game.main(Game.java:113)
1402276129074 Line:118 Method:<init> Class:GamePanel Thread:main - java.runtime.version: 1.7.0-b147
java.lang.Thread.getStackTrace(Thread.java:1567)
com.weem.epicinventor.utility.EIError.debugMsg(EIError.java:80)
com.weem.epicinventor.GameController.<init>(GameController.java:118)
com.weem.epicinventor.GamePanel.<init>(GamePanel.java:42)
com.weem.epicinventor.Game.<init>(Game.java:28)
com.weem.epicinventor.Game.main(Game.java:113)
1402276129075 Line:118 Method:<init> Class:GamePanel Thread:main - java.awt.graphicsenv: sun.awt.X11GraphicsEnvironment
java.lang.Thread.getStackTrace(Thread.java:1567)
com.weem.epicinventor.utility.EIError.debugMsg(EIError.java:80)
com.weem.epicinventor.GameController.<init>(GameController.java:118)
com.weem.epicinventor.GamePanel.<init>(GamePanel.java:42)
com.weem.epicinventor.Game.<init>(Game.java:28)
com.weem.epicinventor.Game.main(Game.java:113)
1402276129075 Line:118 Method:<init> Class:GamePanel Thread:main - java.endorsed.dirs: /opt/java/jre/lib/endorsed
java.lang.Thread.getStackTrace(Thread.java:1567)
com.weem.epicinventor.utility.EIError.debugMsg(EIError.java:80)
com.weem.epicinventor.GameController.<init>(GameController.java:118)
com.weem.epicinventor.GamePanel.<init>(GamePanel.java:42)
com.weem.epicinventor.Game.<init>(Game.java:28)
com.weem.epicinventor.Game.main(Game.java:113)
1402276129076 Line:118 Method:<init> Class:GamePanel Thread:main - os.arch: i386
java.lang.Thread.getStackTrace(Thread.java:1567)
com.weem.epicinventor.utility.EIError.debugMsg(EIError.java:80)
com.weem.epicinventor.GameController.<init>(GameController.java:118)
com.weem.epicinventor.GamePanel.<init>(GamePanel.java:42)
com.weem.epicinventor.Game.<init>(Game.java:28)
com.weem.epicinventor.Game.main(Game.java:113)
1402276129076 Line:118 Method:<init> Class:GamePanel Thread:main - java.io.tmpdir: /tmp
java.lang.Thread.getStackTrace(Thread.java:1567)
com.weem.epicinventor.utility.EIError.debugMsg(EIError.java:80)
com.weem.epicinventor.GameController.<init>(GameController.java:118)
com.weem.epicinventor.GamePanel.<init>(GamePanel.java:42)
com.weem.epicinventor.Game.<init>(Game.java:28)
com.weem.epicinventor.Game.main(Game.java:113)
1402276129076 Line:118 Method:<init> Class:GamePanel Thread:main - line.separator: 

java.lang.Thread.getStackTrace(Thread.java:1567)
com.weem.epicinventor.utility.EIError.debugMsg(EIError.java:80)
com.weem.epicinventor.GameController.<init>(GameController.java:118)
com.weem.epicinventor.GamePanel.<init>(GamePanel.java:42)
com.weem.epicinventor.Game.<init>(Game.java:28)
com.weem.epicinventor.Game.main(Game.java:113)
1402276129086 Line:118 Method:<init> Class:GamePanel Thread:main - java.vm.specification.vendor: Oracle Corporation
java.lang.Thread.getStackTrace(Thread.java:1567)
com.weem.epicinventor.utility.EIError.debugMsg(EIError.java:80)
com.weem.epicinventor.GameController.<init>(GameController.java:118)
com.weem.epicinventor.GamePanel.<init>(GamePanel.java:42)
com.weem.epicinventor.Game.<init>(Game.java:28)
com.weem.epicinventor.Game.main(Game.java:113)
1402276129091 Line:118 Method:<init> Class:GamePanel Thread:main - os.name: Linux
java.lang.Thread.getStackTrace(Thread.java:1567)
com.weem.epicinventor.utility.EIError.debugMsg(EIError.java:80)
com.weem.epicinventor.GameController.<init>(GameController.java:118)
com.weem.epicinventor.GamePanel.<init>(GamePanel.java:42)
com.weem.epicinventor.Game.<init>(Game.java:28)
com.weem.epicinventor.Game.main(Game.java:113)
1402276129091 Line:118 Method:<init> Class:GamePanel Thread:main - sun.jnu.encoding: UTF-8
java.lang.Thread.getStackTrace(Thread.java:1567)
com.weem.epicinventor.utility.EIError.debugMsg(EIError.java:80)
com.weem.epicinventor.GameController.<init>(GameController.java:118)
com.weem.epicinventor.GamePanel.<init>(GamePanel.java:42)
com.weem.epicinventor.Game.<init>(Game.java:28)
com.weem.epicinventor.Game.main(Game.java:113)
1402276129092 Line:118 Method:<init> Class:GamePanel Thread:main - java.library.path: /opt/java/bin/../jre/lib/amd64:/opt/java/bin/../jre/lib/i386::/usr/java/packages/lib/i386:/lib:/usr/lib
java.lang.Thread.getStackTrace(Thread.java:1567)
com.weem.epicinventor.utility.EIError.debugMsg(EIError.java:80)
com.weem.epicinventor.GameController.<init>(GameController.java:118)
com.weem.epicinventor.GamePanel.<init>(GamePanel.java:42)
com.weem.epicinventor.Game.<init>(Game.java:28)
com.weem.epicinventor.Game.main(Game.java:113)
1402276129094 Line:118 Method:<init> Class:GamePanel Thread:main - sun.awt.enableExtraMouseButtons: true
java.lang.Thread.getStackTrace(Thread.java:1567)
com.weem.epicinventor.utility.EIError.debugMsg(EIError.java:80)
com.weem.epicinventor.GameController.<init>(GameController.java:118)
com.weem.epicinventor.GamePanel.<init>(GamePanel.java:42)
com.weem.epicinventor.Game.<init>(Game.java:28)
com.weem.epicinventor.Game.main(Game.java:113)
1402276129094 Line:118 Method:<init> Class:GamePanel Thread:main - java.specification.name: Java Platform API Specification
java.lang.Thread.getStackTrace(Thread.java:1567)
com.weem.epicinventor.utility.EIError.debugMsg(EIError.java:80)
com.weem.epicinventor.GameController.<init>(GameController.java:118)
com.weem.epicinventor.GamePanel.<init>(GamePanel.java:42)
com.weem.epicinventor.Game.<init>(Game.java:28)
com.weem.epicinventor.Game.main(Game.java:113)
1402276129096 Line:118 Method:<init> Class:GamePanel Thread:main - java.class.version: 51.0
java.lang.Thread.getStackTrace(Thread.java:1567)
com.weem.epicinventor.utility.EIError.debugMsg(EIError.java:80)
com.weem.epicinventor.GameController.<init>(GameController.java:118)
com.weem.epicinventor.GamePanel.<init>(GamePanel.java:42)
com.weem.epicinventor.Game.<init>(Game.java:28)
com.weem.epicinventor.Game.main(Game.java:113)
1402276129102 Line:118 Method:<init> Class:GamePanel Thread:main - sun.management.compiler: HotSpot Tiered Compilers
java.lang.Thread.getStackTrace(Thread.java:1567)
com.weem.epicinventor.utility.EIError.debugMsg(EIError.java:80)
com.weem.epicinventor.GameController.<init>(GameController.java:118)
com.weem.epicinventor.GamePanel.<init>(GamePanel.java:42)
com.weem.epicinventor.Game.<init>(Game.java:28)
com.weem.epicinventor.Game.main(Game.java:113)
1402276129103 Line:118 Method:<init> Class:GamePanel Thread:main - os.version: 3.14.5-1-ARCH
java.lang.Thread.getStackTrace(Thread.java:1567)
com.weem.epicinventor.utility.EIError.debugMsg(EIError.java:80)
com.weem.epicinventor.GameController.<init>(GameController.java:118)
com.weem.epicinventor.GamePanel.<init>(GamePanel.java:42)
com.weem.epicinventor.Game.<init>(Game.java:28)
com.weem.epicinventor.Game.main(Game.java:113)
1402276129104 Line:118 Method:<init> Class:GamePanel Thread:main - user.home: /home/mcbride
java.lang.Thread.getStackTrace(Thread.java:1567)
com.weem.epicinventor.utility.EIError.debugMsg(EIError.java:80)
com.weem.epicinventor.GameController.<init>(GameController.java:118)
com.weem.epicinventor.GamePanel.<init>(GamePanel.java:42)
com.weem.epicinventor.Game.<init>(Game.java:28)
com.weem.epicinventor.Game.main(Game.java:113)
1402276129104 Line:118 Method:<init> Class:GamePanel Thread:main - user.timezone: 
java.lang.Thread.getStackTrace(Thread.java:1567)
com.weem.epicinventor.utility.EIError.debugMsg(EIError.java:80)
com.weem.epicinventor.GameController.<init>(GameController.java:118)
com.weem.epicinventor.GamePanel.<init>(GamePanel.java:42)
com.weem.epicinventor.Game.<init>(Game.java:28)
com.weem.epicinventor.Game.main(Game.java:113)
1402276129105 Line:118 Method:<init> Class:GamePanel Thread:main - java.awt.printerjob: sun.print.PSPrinterJob
java.lang.Thread.getStackTrace(Thread.java:1567)
com.weem.epicinventor.utility.EIError.debugMsg(EIError.java:80)
com.weem.epicinventor.GameController.<init>(GameController.java:118)
com.weem.epicinventor.GamePanel.<init>(GamePanel.java:42)
com.weem.epicinventor.Game.<init>(Game.java:28)
com.weem.epicinventor.Game.main(Game.java:113)
1402276129105 Line:118 Method:<init> Class:GamePanel Thread:main - file.encoding: UTF-8
java.lang.Thread.getStackTrace(Thread.java:1567)
com.weem.epicinventor.utility.EIError.debugMsg(EIError.java:80)
com.weem.epicinventor.GameController.<init>(GameController.java:118)
com.weem.epicinventor.GamePanel.<init>(GamePanel.java:42)
com.weem.epicinventor.Game.<init>(Game.java:28)
com.weem.epicinventor.Game.main(Game.java:113)
1402276129106 Line:118 Method:<init> Class:GamePanel Thread:main - java.specification.version: 1.7
java.lang.Thread.getStackTrace(Thread.java:1567)
com.weem.epicinventor.utility.EIError.debugMsg(EIError.java:80)
com.weem.epicinventor.GameController.<init>(GameController.java:118)
com.weem.epicinventor.GamePanel.<init>(GamePanel.java:42)
com.weem.epicinventor.Game.<init>(Game.java:28)
com.weem.epicinventor.Game.main(Game.java:113)
1402276129107 Line:118 Method:<init> Class:GamePanel Thread:main - user.name: mcbride
java.lang.Thread.getStackTrace(Thread.java:1567)
com.weem.epicinventor.utility.EIError.debugMsg(EIError.java:80)
com.weem.epicinventor.GameController.<init>(GameController.java:118)
com.weem.epicinventor.GamePanel.<init>(GamePanel.java:42)
com.weem.epicinventor.Game.<init>(Game.java:28)
com.weem.epicinventor.Game.main(Game.java:113)
1402276129107 Line:118 Method:<init> Class:GamePanel Thread:main - java.class.path: /home/mcbride/EpicInventor/build/classes
java.lang.Thread.getStackTrace(Thread.java:1567)
com.weem.epicinventor.utility.EIError.debugMsg(EIError.java:80)
com.weem.epicinventor.GameController.<init>(GameController.java:118)
com.weem.epicinventor.GamePanel.<init>(GamePanel.java:42)
com.weem.epicinventor.Game.<init>(Game.java:28)
com.weem.epicinventor.Game.main(Game.java:113)
1402276129108 Line:118 Method:<init> Class:GamePanel Thread:main - java.vm.specification.version: 1.7
java.lang.Thread.getStackTrace(Thread.java:1567)
com.weem.epicinventor.utility.EIError.debugMsg(EIError.java:80)
com.weem.epicinventor.GameController.<init>(GameController.java:118)
com.weem.epicinventor.GamePanel.<init>(GamePanel.java:42)
com.weem.epicinventor.Game.<init>(Game.java:28)
com.weem.epicinventor.Game.main(Game.java:113)
1402276129108 Line:118 Method:<init> Class:GamePanel Thread:main - sun.arch.data.model: 32
java.lang.Thread.getStackTrace(Thread.java:1567)
com.weem.epicinventor.utility.EIError.debugMsg(EIError.java:80)
com.weem.epicinventor.GameController.<init>(GameController.java:118)
com.weem.epicinventor.GamePanel.<init>(GamePanel.java:42)
com.weem.epicinventor.Game.<init>(Game.java:28)
com.weem.epicinventor.Game.main(Game.java:113)
1402276129109 Line:118 Method:<init> Class:GamePanel Thread:main - java.home: /opt/java/jre
java.lang.Thread.getStackTrace(Thread.java:1567)
com.weem.epicinventor.utility.EIError.debugMsg(EIError.java:80)
com.weem.epicinventor.GameController.<init>(GameController.java:118)
com.weem.epicinventor.GamePanel.<init>(GamePanel.java:42)
com.weem.epicinventor.Game.<init>(Game.java:28)
com.weem.epicinventor.Game.main(Game.java:113)
1402276129122 Line:118 Method:<init> Class:GamePanel Thread:main - sun.java.command: com.weem.epicinventor.Game
java.lang.Thread.getStackTrace(Thread.java:1567)
com.weem.epicinventor.utility.EIError.debugMsg(EIError.java:80)
com.weem.epicinventor.GameController.<init>(GameController.java:118)
com.weem.epicinventor.GamePanel.<init>(GamePanel.java:42)
com.weem.epicinventor.Game.<init>(Game.java:28)
com.weem.epicinventor.Game.main(Game.java:113)
1402276129124 Line:118 Method:<init> Class:GamePanel Thread:main - java.specification.vendor: Oracle Corporation
java.lang.Thread.getStackTrace(Thread.java:1567)
com.weem.epicinventor.utility.EIError.debugMsg(EIError.java:80)
com.weem.epicinventor.GameController.<init>(GameController.java:118)
com.weem.epicinventor.GamePanel.<init>(GamePanel.java:42)
com.weem.epicinventor.Game.<init>(Game.java:28)
com.weem.epicinventor.Game.main(Game.java:113)
1402276129126 Line:118 Method:<init> Class:GamePanel Thread:main - user.language: en
java.lang.Thread.getStackTrace(Thread.java:1567)
com.weem.epicinventor.utility.EIError.debugMsg(EIError.java:80)
com.weem.epicinventor.GameController.<init>(GameController.java:118)
com.weem.epicinventor.GamePanel.<init>(GamePanel.java:42)
com.weem.epicinventor.Game.<init>(Game.java:28)
com.weem.epicinventor.Game.main(Game.java:113)
1402276129128 Line:118 Method:<init> Class:GamePanel Thread:main - awt.toolkit: sun.awt.X11.XToolkit
java.lang.Thread.getStackTrace(Thread.java:1567)
com.weem.epicinventor.utility.EIError.debugMsg(EIError.java:80)
com.weem.epicinventor.GameController.<init>(GameController.java:118)
com.weem.epicinventor.GamePanel.<init>(GamePanel.java:42)
com.weem.epicinventor.Game.<init>(Game.java:28)
com.weem.epicinventor.Game.main(Game.java:113)
1402276129129 Line:118 Method:<init> Class:GamePanel Thread:main - java.vm.info: mixed mode
java.lang.Thread.getStackTrace(Thread.java:1567)
com.weem.epicinventor.utility.EIError.debugMsg(EIError.java:80)
com.weem.epicinventor.GameController.<init>(GameController.java:118)
com.weem.epicinventor.GamePanel.<init>(GamePanel.java:42)
com.weem.epicinventor.Game.<init>(Game.java:28)
com.weem.epicinventor.Game.main(Game.java:113)
1402276129134 Line:118 Method:<init> Class:GamePanel Thread:main - java.version: 1.7.0
java.lang.Thread.getStackTrace(Thread.java:1567)
com.weem.epicinventor.utility.EIError.debugMsg(EIError.java:80)
com.weem.epicinventor.GameController.<init>(GameController.java:118)
com.weem.epicinventor.GamePanel.<init>(GamePanel.java:42)
com.weem.epicinventor.Game.<init>(Game.java:28)
com.weem.epicinventor.Game.main(Game.java:113)
1402276129136 Line:118 Method:<init> Class:GamePanel Thread:main - java.ext.dirs: /opt/java/jre/lib/ext:/usr/java/packages/lib/ext
java.lang.Thread.getStackTrace(Thread.java:1567)
com.weem.epicinventor.utility.EIError.debugMsg(EIError.java:80)
com.weem.epicinventor.GameController.<init>(GameController.java:118)
com.weem.epicinventor.GamePanel.<init>(GamePanel.java:42)
com.weem.epicinventor.Game.<init>(Game.java:28)
com.weem.epicinventor.Game.main(Game.java:113)
1402276129138 Line:118 Method:<init> Class:GamePanel Thread:main - sun.boot.class.path: /opt/java/jre/lib/resources.jar:/opt/java/jre/lib/rt.jar:/opt/java/jre/lib/sunrsasign.jar:/opt/java/jre/lib/jsse.jar:/opt/java/jre/lib/jce.jar:/opt/java/jre/lib/charsets.jar:/opt/java/jre/classes
java.lang.Thread.getStackTrace(Thread.java:1567)
com.weem.epicinventor.utility.EIError.debugMsg(EIError.java:80)
com.weem.epicinventor.GameController.<init>(GameController.java:118)
com.weem.epicinventor.GamePanel.<init>(GamePanel.java:42)
com.weem.epicinventor.Game.<init>(Game.java:28)
com.weem.epicinventor.Game.main(Game.java:113)
1402276129140 Line:118 Method:<init> Class:GamePanel Thread:main - java.vendor: Oracle Corporation
java.lang.Thread.getStackTrace(Thread.java:1567)
com.weem.epicinventor.utility.EIError.debugMsg(EIError.java:80)
com.weem.epicinventor.GameController.<init>(GameController.java:118)
com.weem.epicinventor.GamePanel.<init>(GamePanel.java:42)
com.weem.epicinventor.Game.<init>(Game.java:28)
com.weem.epicinventor.Game.main(Game.java:113)
1402276129142 Line:118 Method:<init> Class:GamePanel Thread:main - file.separator: /
java.lang.Thread.getStackTrace(Thread.java:1567)
com.weem.epicinventor.utility.EIError.debugMsg(EIError.java:80)
com.weem.epicinventor.GameController.<init>(GameController.java:118)
com.weem.epicinventor.GamePanel.<init>(GamePanel.java:42)
com.weem.epicinventor.Game.<init>(Game.java:28)
com.weem.epicinventor.Game.main(Game.java:113)
1402276129145 Line:118 Method:<init> Class:GamePanel Thread:main - java.vendor.url.bug: http://bugreport.sun.com/bugreport/
java.lang.Thread.getStackTrace(Thread.java:1567)
com.weem.epicinventor.utility.EIError.debugMsg(EIError.java:80)
com.weem.epicinventor.GameController.<init>(GameController.java:118)
com.weem.epicinventor.GamePanel.<init>(GamePanel.java:42)
com.weem.epicinventor.Game.<init>(Game.java:28)
com.weem.epicinventor.Game.main(Game.java:113)
1402276129147 Line:118 Method:<init> Class:GamePanel Thread:main - sun.cpu.endian: little
java.lang.Thread.getStackTrace(Thread.java:1567)
com.weem.epicinventor.utility.EIError.debugMsg(EIError.java:80)
com.weem.epicinventor.GameController.<init>(GameController.java:118)
com.weem.epicinventor.GamePanel.<init>(GamePanel.java:42)
com.weem.epicinventor.Game.<init>(Game.java:28)
com.weem.epicinventor.Game.main(Game.java:113)
1402276129148 Line:118 Method:<init> Class:GamePanel Thread:main - sun.io.unicode.encoding: UnicodeLittle
java.lang.Thread.getStackTrace(Thread.java:1567)
com.weem.epicinventor.utility.EIError.debugMsg(EIError.java:80)
com.weem.epicinventor.GameController.<init>(GameController.java:118)
com.weem.epicinventor.GamePanel.<init>(GamePanel.java:42)
com.weem.epicinventor.Game.<init>(Game.java:28)
com.weem.epicinventor.Game.main(Game.java:113)
1402276129150 Line:118 Method:<init> Class:GamePanel Thread:main - sun.cpu.isalist: 
java.lang.Thread.getStackTrace(Thread.java:1567)
com.weem.epicinventor.utility.EIError.debugMsg(EIError.java:80)
com.weem.epicinventor.GameController.<init>(GameController.java:118)
com.weem.epicinventor.GamePanel.<init>(GamePanel.java:42)
com.weem.epicinventor.Game.<init>(Game.java:28)
com.weem.epicinventor.Game.main(Game.java:113)
1402276129310 Line:172 Method:init Class:GameController Thread:main - Couldn't load Player 1 Player1.dat (No such file or directory)
java.lang.Thread.getStackTrace(Thread.java:1567)
com.weem.epicinventor.utility.EIError.debugMsg(EIError.java:80)
com.weem.epicinventor.Settings.init(Settings.java:172)
com.weem.epicinventor.GameController.<init>(GameController.java:130)
com.weem.epicinventor.GamePanel.<init>(GamePanel.java:42)
com.weem.epicinventor.Game.<init>(Game.java:28)
com.weem.epicinventor.Game.main(Game.java:113)
1402276129410 Line:150 Method:init Class:Settings Thread:main - Added Player 2
1402276129411 Line:150 Method:init Class:Settings Thread:main - Added Player 3
1402276129412 Line:150 Method:init Class:Settings Thread:main - Added Player 4
1402276129842 Line:233 Method:run Class:GameSong Thread:GameSongThread /Music/InventorSongLoop.mp3 - GameSong: /Music/InventorSongLoop.mp3
1402276132616 Line:176 Method:<init> Class:GamePanel Thread:main - max.heap: 533mb
java.lang.Thread.getStackTrace(Thread.java:1567)
com.weem.epicinventor.utility.EIError.debugMsg(EIError.java:80)
com.weem.epicinventor.GameController.<init>(GameController.java:176)
com.weem.epicinventor.GamePanel.<init>(GamePanel.java:42)
com.weem.epicinventor.Game.<init>(Game.java:28)
com.weem.epicinventor.Game.main(Game.java:113)
1402276132617 Line:177 Method:<init> Class:GamePanel Thread:main - current.heap: 173mb
java.lang.Thread.getStackTrace(Thread.java:1567)
com.weem.epicinventor.utility.EIError.debugMsg(EIError.java:80)
com.weem.epicinventor.GameController.<init>(GameController.java:177)
com.weem.epicinventor.GamePanel.<init>(GamePanel.java:42)
com.weem.epicinventor.Game.<init>(Game.java:28)
com.weem.epicinventor.Game.main(Game.java:113)
1402276132623 Line:178 Method:<init> Class:GamePanel Thread:main - free.memory: 89mb
java.lang.Thread.getStackTrace(Thread.java:1567)
com.weem.epicinventor.utility.EIError.debugMsg(EIError.java:80)
com.weem.epicinventor.GameController.<init>(GameController.java:178)
com.weem.epicinventor.GamePanel.<init>(GamePanel.java:42)
com.weem.epicinventor.Game.<init>(Game.java:28)
com.weem.epicinventor.Game.main(Game.java:113)
1402276132624 Line:180 Method:<init> Class:GamePanel Thread:main - Game started
java.lang.Thread.getStackTrace(Thread.java:1567)
com.weem.epicinventor.utility.EIError.debugMsg(EIError.java:80)
com.weem.epicinventor.GameController.<init>(GameController.java:180)
com.weem.epicinventor.GamePanel.<init>(GamePanel.java:42)
com.weem.epicinventor.Game.<init>(Game.java:28)
com.weem.epicinventor.Game.main(Game.java:113)
